# JRE version: Java(TM) SE Runtime Environment (8.0_66-b17) (build 1.8.0_66-b17)
# Java VM: Java HotSpot(TM) 64-Bit Server VM (25.66-b17 mixed mode windows-amd64 compressed oops)
Heap:
 PSYoungGen      total 480256K, used 282067K [0x0000000780b80000, 0x00000007a1080000, 0x00000007c0000000)
  eden space 461824K, 61% used [0x0000000780b80000,0x0000000791ef4c38,0x000000079ce80000)
  from space 18432K, 0% used [0x000000079e500000,0x000000079e500000,0x000000079f700000)
  to   space 23040K, 0% used [0x000000079ce80000,0x000000079ce80000,0x000000079e500000)
 ParOldGen       total 125952K, used 40816K [0x0000000702200000, 0x0000000709d00000, 0x0000000780b80000)
  object space 125952K, 32% used [0x0000000702200000,0x00000007049dc008,0x0000000709d00000)
 Metaspace       used 64835K, capacity 65910K, committed 66176K, reserved 1107968K
  class space    used 7254K, capacity 7477K, committed 7552K, reserved 1048576K
GC Heap History (10 events):
Event: 17.798 GC heap before
{Heap before GC invocations=9 (full 2):
 PSYoungGen      total 198144K, used 12656K [0x0000000780b80000, 0x0000000797a80000, 0x00000007c0000000)
  eden space 184832K, 0% used [0x0000000780b80000,0x0000000780b80000,0x000000078c000000)
  from space 13312K, 95% used [0x000000078c000000,0x000000078cc5c000,0x000000078cd00000)
  to   space 14848K, 0% used [0x0000000796c00000,0x0000000796c00000,0x0000000797a80000)
 ParOldGen       total 71168K, used 12119K [0x0000000702200000, 0x0000000706780000, 0x0000000780b80000)
  object space 71168K, 17% used [0x0000000702200000,0x0000000702dd5f40,0x0000000706780000)
 Metaspace       used 34847K, capacity 35312K, committed 35456K, reserved 1081344K
  class space    used 4304K, capacity 4460K, committed 4480K, reserved 1048576K
Event: 17.919 GC heap after
Heap after GC invocations=9 (full 2):
 PSYoungGen      total 198144K, used 0K [0x0000000780b80000, 0x0000000797a80000, 0x00000007c0000000)
  eden space 184832K, 0% used [0x0000000780b80000,0x0000000780b80000,0x000000078c000000)
  from space 13312K, 0% used [0x000000078c000000,0x000000078c000000,0x000000078cd00000)
  to   space 14848K, 0% used [0x0000000796c00000,0x0000000796c00000,0x0000000797a80000)
 ParOldGen       total 92160K, used 21598K [0x0000000702200000, 0x0000000707c00000, 0x0000000780b80000)
  object space 92160K, 23% used [0x0000000702200000,0x0000000703717a70,0x0000000707c00000)
 Metaspace       used 34847K, capacity 35312K, committed 35456K, reserved 1081344K
  class space    used 4304K, capacity 4460K, committed 4480K, reserved 1048576K
}
Event: 21.328 GC heap before
{Heap before GC invocations=10 (full 2):
 PSYoungGen      total 198144K, used 184832K [0x0000000780b80000, 0x0000000797a80000, 0x00000007c0000000)
  eden space 184832K, 100% used [0x0000000780b80000,0x000000078c000000,0x000000078c000000)
  from space 13312K, 0% used [0x000000078c000000,0x000000078c000000,0x000000078cd00000)
  to   space 14848K, 0% used [0x0000000796c00000,0x0000000796c00000,0x0000000797a80000)
 ParOldGen       total 92160K, used 21598K [0x0000000702200000, 0x0000000707c00000, 0x0000000780b80000)
  object space 92160K, 23% used [0x0000000702200000,0x0000000703717a70,0x0000000707c00000)
 Metaspace       used 41155K, capacity 41710K, committed 42112K, reserved 1085440K
  class space    used 5041K, capacity 5185K, committed 5248K, reserved 1048576K
Event: 21.350 GC heap after
Heap after GC invocations=10 (full 2):
 PSYoungGen      total 335360K, used 11878K [0x0000000780b80000, 0x0000000797800000, 0x00000007c0000000)
  eden space 323072K, 0% used [0x0000000780b80000,0x0000000780b80000,0x0000000794700000)
  from space 12288K, 96% used [0x0000000796c00000,0x0000000797799820,0x0000000797800000)
  to   space 15360K, 0% used [0x0000000795a00000,0x0000000795a00000,0x0000000796900000)
 ParOldGen       total 92160K, used 21606K [0x0000000702200000, 0x0000000707c00000, 0x0000000780b80000)
  object space 92160K, 23% used [0x0000000702200000,0x0000000703719a70,0x0000000707c00000)
 Metaspace       used 41155K, capacity 41710K, committed 42112K, reserved 1085440K
  class space    used 5041K, capacity 5185K, committed 5248K, reserved 1048576K
}
Event: 26.999 GC heap before
{Heap before GC invocations=11 (full 2):
 PSYoungGen      total 335360K, used 334950K [0x0000000780b80000, 0x0000000797800000, 0x00000007c0000000)
  eden space 323072K, 100% used [0x0000000780b80000,0x0000000794700000,0x0000000794700000)
  from space 12288K, 96% used [0x0000000796c00000,0x0000000797799820,0x0000000797800000)
  to   space 15360K, 0% used [0x0000000795a00000,0x0000000795a00000,0x0000000796900000)
 ParOldGen       total 92160K, used 21606K [0x0000000702200000, 0x0000000707c00000, 0x0000000780b80000)
  object space 92160K, 23% used [0x0000000702200000,0x0000000703719a70,0x0000000707c00000)
 Metaspace       used 47929K, capacity 48752K, committed 48896K, reserved 1091584K
  class space    used 5870K, capacity 6094K, committed 6144K, reserved 1048576K
Event: 27.145 GC heap after
Heap after GC invocations=11 (full 2):
 PSYoungGen      total 357888K, used 15344K [0x0000000780b80000, 0x000000079f700000, 0x00000007c0000000)
  eden space 342528K, 0% used [0x0000000780b80000,0x0000000780b80000,0x0000000795a00000)
  from space 15360K, 99% used [0x0000000795a00000,0x00000007968fc100,0x0000000796900000)
  to   space 18432K, 0% used [0x000000079e500000,0x000000079e500000,0x000000079f700000)
 ParOldGen       total 92160K, used 25871K [0x0000000702200000, 0x0000000707c00000, 0x0000000780b80000)
  object space 92160K, 28% used [0x0000000702200000,0x0000000703b43f30,0x0000000707c00000)
 Metaspace       used 47929K, capacity 48752K, committed 48896K, reserved 1091584K
  class space    used 5870K, capacity 6094K, committed 6144K, reserved 1048576K
}
Event: 48.142 GC heap before
{Heap before GC invocations=12 (full 2):
 PSYoungGen      total 357888K, used 146418K [0x0000000780b80000, 0x000000079f700000, 0x00000007c0000000)
  eden space 342528K, 38% used [0x0000000780b80000,0x0000000788b808b8,0x0000000795a00000)
  from space 15360K, 99% used [0x0000000795a00000,0x00000007968fc100,0x0000000796900000)
  to   space 18432K, 0% used [0x000000079e500000,0x000000079e500000,0x000000079f700000)
 ParOldGen       total 92160K, used 25871K [0x0000000702200000, 0x0000000707c00000, 0x0000000780b80000)
  object space 92160K, 28% used [0x0000000702200000,0x0000000703b43f30,0x0000000707c00000)
 Metaspace       used 58123K, capacity 58958K, committed 59096K, reserved 1101824K
  class space    used 6750K, capacity 6968K, committed 7040K, reserved 1048576K
Event: 48.188 GC heap after
Heap after GC invocations=12 (full 2):
 PSYoungGen      total 480256K, used 18427K [0x0000000780b80000, 0x00000007a1080000, 0x00000007c0000000)
  eden space 461824K, 0% used [0x0000000780b80000,0x0000000780b80000,0x000000079ce80000)
  from space 18432K, 99% used [0x000000079e500000,0x000000079f6fed10,0x000000079f700000)
  to   space 23040K, 0% used [0x000000079ce80000,0x000000079ce80000,0x000000079e500000)
 ParOldGen       total 92160K, used 33070K [0x0000000702200000, 0x0000000707c00000, 0x0000000780b80000)
  object space 92160K, 35% used [0x0000000702200000,0x000000070424bb70,0x0000000707c00000)
 Metaspace       used 58123K, capacity 58958K, committed 59096K, reserved 1101824K
  class space    used 6750K, capacity 6968K, committed 7040K, reserved 1048576K
}
Event: 48.188 GC heap before
{Heap before GC invocations=13 (full 3):
 PSYoungGen      total 480256K, used 18427K [0x0000000780b80000, 0x00000007a1080000, 0x00000007c0000000)
  eden space 461824K, 0% used [0x0000000780b80000,0x0000000780b80000,0x000000079ce80000)
  from space 18432K, 99% used [0x000000079e500000,0x000000079f6fed10,0x000000079f700000)
  to   space 23040K, 0% used [0x000000079ce80000,0x000000079ce80000,0x000000079e500000)
 ParOldGen       total 92160K, used 33070K [0x0000000702200000, 0x0000000707c00000, 0x0000000780b80000)
  object space 92160K, 35% used [0x0000000702200000,0x000000070424bb70,0x0000000707c00000)
 Metaspace       used 58123K, capacity 58958K, committed 59096K, reserved 1101824K
  class space    used 6750K, capacity 6968K, committed 7040K, reserved 1048576K
Event: 48.449 GC heap after
Heap after GC invocations=13 (full 3):
 PSYoungGen      total 480256K, used 0K [0x0000000780b80000, 0x00000007a1080000, 0x00000007c0000000)
  eden space 461824K, 0% used [0x0000000780b80000,0x0000000780b80000,0x000000079ce80000)
  from space 18432K, 0% used [0x000000079e500000,0x000000079e500000,0x000000079f700000)
  to   space 23040K, 0% used [0x000000079ce80000,0x000000079ce80000,0x000000079e500000)
 ParOldGen       total 125952K, used 40816K [0x0000000702200000, 0x0000000709d00000, 0x0000000780b80000)
  object space 125952K, 32% used [0x0000000702200000,0x00000007049dc008,0x0000000709d00000)
 Metaspace       used 58070K, capacity 58874K, committed 59096K, reserved 1101824K
  class space    used 6742K, capacity 6954K, committed 7040K, reserved 1048576K
}

